<?xml version="1.0" encoding="UTF-8"?>
<!-- Generated by org.testng.reporters.JUnitReportReporter -->
<testsuite hostname="LAPTOP-3AVIUJKL" failures="0" tests="15" name="Tasks.Customer" time="46.232" errors="0" timestamp="2024-07-10T17:33:52 IST" skipped="0">
  <testcase classname="Tasks.Customer" name="create_Customer" time="3.100"/>
  <testcase classname="Tasks.Customer" name="create_Customer" time="2.941"/>
  <testcase classname="Tasks.Customer" name="create_Customer" time="2.963"/>
  <testcase classname="Tasks.Customer" name="create_Customer" time="3.201"/>
  <testcase classname="Tasks.Customer" name="create_Customer" time="2.947"/>
  <testcase classname="Tasks.Customer" name="create_Customer" time="2.973"/>
  <testcase classname="Tasks.Customer" name="create_Customer" time="2.934"/>
  <testcase classname="Tasks.Customer" name="create_Customer" time="2.960"/>
  <testcase classname="Tasks.Customer" name="create_Customer" time="3.003"/>
  <testcase classname="Tasks.Customer" name="create_Customer" time="3.656"/>
  <testcase classname="Tasks.Customer" name="create_Customer" time="3.770"/>
  <testcase classname="Tasks.Customer" name="create_Customer" time="2.944"/>
  <testcase classname="Tasks.Customer" name="create_Customer" time="2.919"/>
  <testcase classname="Tasks.Customer" name="create_Customer" time="2.942"/>
  <testcase classname="Tasks.Customer" name="create_Customer" time="2.979"/>
</testsuite> <!-- Tasks.Customer -->
