<?xml version="1.0" encoding="UTF-8"?>
<!-- Generated by org.testng.reporters.JUnitReportReporter -->
<testsuite hostname="LAPTOP-3AVIUJKL" failures="0" tests="15" name="Tasks.Customer" time="104.443" errors="0" timestamp="2024-07-03T11:51:10 IST" skipped="0">
  <testcase classname="Tasks.Customer" name="create_Customer" time="6.910"/>
  <testcase classname="Tasks.Customer" name="create_Customer" time="6.908"/>
  <testcase classname="Tasks.Customer" name="create_Customer" time="6.964"/>
  <testcase classname="Tasks.Customer" name="create_Customer" time="6.866"/>
  <testcase classname="Tasks.Customer" name="create_Customer" time="6.875"/>
  <testcase classname="Tasks.Customer" name="create_Customer" time="6.941"/>
  <testcase classname="Tasks.Customer" name="create_Customer" time="6.911"/>
  <testcase classname="Tasks.Customer" name="create_Customer" time="7.457"/>
  <testcase classname="Tasks.Customer" name="create_Customer" time="6.885"/>
  <testcase classname="Tasks.Customer" name="create_Customer" time="6.885"/>
  <testcase classname="Tasks.Customer" name="create_Customer" time="7.178"/>
  <testcase classname="Tasks.Customer" name="create_Customer" time="7.045"/>
  <testcase classname="Tasks.Customer" name="create_Customer" time="6.849"/>
  <testcase classname="Tasks.Customer" name="create_Customer" time="6.864"/>
  <testcase classname="Tasks.Customer" name="create_Customer" time="6.905"/>
</testsuite> <!-- Tasks.Customer -->
